<?xml version="1.0" encoding="UTF-8"?>
<testsuite xmlns:xsi="http://www.w3.org/2001/XMLSchema-instance" xsi:noNamespaceSchemaLocation="https://maven.apache.org/surefire/maven-surefire-plugin/xsd/surefire-test-report-3.0.xsd" version="3.0" name="com.example.multimodule.application.DemoApplicationTest" time="10.422" tests="1" errors="0" skipped="0" failures="0">
  <properties>
[...]
</properties>
  <testcase name="contextLoads" classname="com.example.multimodule.application.DemoApplicationTest" time="1.912">
    <system-out><![CDATA[12:20:55.491 [main] INFO org.springframework.test.context.support.AnnotationConfigContextLoaderUtils -- Could not detect default configuration classes for test class [com.example.multimodule.application.DemoApplicationTest]: DemoApplicationTest does not declare any static, non-private, non-final, nested classes annotated with @Configuration.
12:20:55.722 [main] INFO org.springframework.boot.test.context.SpringBootTestContextBootstrapper -- Found @SpringBootConfiguration com.example.multimodule.application.DemoApplication for test class com.example.multimodule.application.DemoApplicationTest
  .   ____          _            __ _ _
 /\\ / ___'_ __ _ _(_)_ __  __ _ \ \ \ \
( ( )\___ | '_ | '_| | '_ \/ _` | \ \ \ \
 \\/  ___)| |_)| | | | | || (_| |  ) ) ) )
  '  |____| .__|_| |_|_| |_\__, | / / / /
 =========|_|==============|___/=/_/_/_/

 :: Spring Boot ::                (v3.3.0)

2025-06-28T12:20:56.761+05:30  INFO 39968 --- [           main] c.e.m.application.DemoApplicationTest    : Starting DemoApplicationTest using Java 17.0.15 with PID 39968 (started by KNT3KOR in C:\practice\java_learning\spring-boot-parent-repo\application)
2025-06-28T12:20:56.761+05:30  INFO 39968 --- [           main] c.e.m.application.DemoApplicationTest    : No active profile set, falling back to 1 default profile: "default"
2025-06-28T12:21:03.101+05:30  INFO 39968 --- [           main] o.s.b.a.e.web.EndpointLinksResolver      : Exposing 1 endpoint beneath base path '/actuator'
2025-06-28T12:21:03.427+05:30  INFO 39968 --- [           main] c.e.m.application.DemoApplicationTest    : Started DemoApplicationTest in 7.412 seconds (process running for 9.529)
]]></system-out>
  </testcase>
</testsuite>