<?xml version="1.0" encoding="UTF-8"?>
<testsuite xmlns:xsi="http://www.w3.org/2001/XMLSchema-instance" xsi:noNamespaceSchemaLocation="https://maven.apache.org/surefire/maven-surefire-plugin/xsd/surefire-test-report-3.0.xsd" version="3.0" name="com.example.multimodule.service.MyServiceTest" time="4.044" tests="1" errors="0" skipped="0" failures="0">
  <properties>
[...]
</properties>
  <testcase name="contextLoads" classname="com.example.multimodule.service.MyServiceTest" time="1.749">
    <system-out><![CDATA[  .   ____          _            __ _ _
 /\\ / ___'_ __ _ _(_)_ __  __ _ \ \ \ \
( ( )\___ | '_ | '_| | '_ \/ _` | \ \ \ \
 \\/  ___)| |_)| | | | | || (_| |  ) ) ) )
  '  |____| .__|_| |_|_| |_\__, | / / / /
 =========|_|==============|___/=/_/_/_/

 :: Spring Boot ::                (v3.3.0)

2025-06-28T12:20:48.074+05:30  INFO 8140 --- [           main] c.e.multimodule.service.MyServiceTest    : Starting MyServiceTest using Java 17.0.15 with PID 8140 (started by KNT3KOR in C:\practice\java_learning\spring-boot-parent-repo\library)
2025-06-28T12:20:48.080+05:30  INFO 8140 --- [           main] c.e.multimodule.service.MyServiceTest    : No active profile set, falling back to 1 default profile: "default"
2025-06-28T12:20:49.080+05:30  INFO 8140 --- [           main] c.e.multimodule.service.MyServiceTest    : Started MyServiceTest in 1.59 seconds (process running for 3.137)
]]></system-out>
  </testcase>
</testsuite>